<?xml version="1.0" encoding="UTF-8"?>
<testng-results ignored="0" total="1" passed="1" failed="0" skipped="0">
  <reporter-output>
  </reporter-output>
  <suite started-at="2024-03-13T18:16:42 IST" name="Default suite" finished-at="2024-03-13T18:17:03 IST" duration-ms="20539">
    <groups>
    </groups>
    <test started-at="2024-03-13T18:16:42 IST" name="Default test" finished-at="2024-03-13T18:17:03 IST" duration-ms="20539">
      <class name="actionExample.SampleAppFrame">
        <test-method is-config="true" signature="launchApp()[pri:0, instance:actionExample.SampleAppFrame@1e802ef9]" started-at="2024-03-13T18:16:42 IST" name="launchApp" finished-at="2024-03-13T18:16:53 IST" duration-ms="10427" status="PASS">
          <reporter-output>
          </reporter-output>
        </test-method> <!-- launchApp -->
        <test-method signature="verifyRegisterStudent()[pri:0, instance:actionExample.SampleAppFrame@1e802ef9]" started-at="2024-03-13T18:16:53 IST" name="verifyRegisterStudent" finished-at="2024-03-13T18:16:56 IST" duration-ms="2911" status="PASS">
          <reporter-output>
          </reporter-output>
        </test-method> <!-- verifyRegisterStudent -->
        <test-method is-config="true" signature="CloseApp()[pri:0, instance:actionExample.SampleAppFrame@1e802ef9]" started-at="2024-03-13T18:16:56 IST" name="CloseApp" finished-at="2024-03-13T18:17:03 IST" duration-ms="7183" status="PASS">
          <reporter-output>
          </reporter-output>
        </test-method> <!-- CloseApp -->
      </class> <!-- actionExample.SampleAppFrame -->
    </test> <!-- Default test -->
  </suite> <!-- Default suite -->
</testng-results>
